<?xml version="1.0" encoding="UTF-8"?>
<!-- Generated by org.testng.reporters.JUnitXMLReporter -->
<testsuite ignored="0" hostname="DESKTOP-3O9T5AI" failures="0" tests="4" name="Default test" time="88.77" errors="0" timestamp="2022-08-30T12:42:01 IST">
  <testcase classname="com.ecommerceDomain.Scripts.TestCase2" name="testcase2" time="14.22"/>
  <testcase classname="com.ecommerceDomain.Scripts.TestCase2" name="testcase2" time="13.973"/>
  <testcase classname="com.ecommerceDomain.Scripts.TestCase2" name="testcase2" time="13.849"/>
  <testcase classname="com.ecommerceDomain.Scripts.TestCase2" name="testcase2" time="14.316"/>
</testsuite> <!-- Default test -->
