<?xml version="1.0" encoding="UTF-8"?>
<testng-results ignored="0" total="4" passed="4" failed="0" skipped="0">
  <reporter-output>
  </reporter-output>
  <suite started-at="2022-08-30T12:40:32 IST" name="Default suite" finished-at="2022-08-30T12:42:01 IST" duration-ms="88770">
    <groups>
    </groups>
    <test started-at="2022-08-30T12:40:32 IST" name="Default test" finished-at="2022-08-30T12:42:01 IST" duration-ms="88770">
      <class name="com.ecommerceDomain.Scripts.TestCase2">
        <test-method is-config="true" signature="configBs()[pri:0, instance:com.ecommerceDomain.Scripts.TestCase2@2e005c4b]" started-at="2022-08-30T12:40:31 IST" name="configBs" finished-at="2022-08-30T12:40:32 IST" duration-ms="899" status="PASS">
          <reporter-output>
          </reporter-output>
        </test-method> <!-- configBs -->
        <test-method is-config="true" signature="openApp()[pri:0, instance:com.ecommerceDomain.Scripts.TestCase2@2e005c4b]" started-at="2022-08-30T12:40:33 IST" name="openApp" finished-at="2022-08-30T12:40:46 IST" duration-ms="12397" status="PASS">
          <reporter-output>
          </reporter-output>
        </test-method> <!-- openApp -->
        <test-method signature="testcase2(java.lang.String,java.lang.String,java.lang.String,java.lang.String)[pri:0, instance:com.ecommerceDomain.Scripts.TestCase2@2e005c4b]" started-at="2022-08-30T12:40:46 IST" name="testcase2" data-provider="readExceldata" finished-at="2022-08-30T12:41:00 IST" duration-ms="14220" status="PASS">
          <params>
            <param index="0">
              <value>
                <![CDATA[Ramesh]]>
              </value>
            </param>
            <param index="1">
              <value>
                <![CDATA[ramesh@gmail.com]]>
              </value>
            </param>
            <param index="2">
              <value>
                <![CDATA[Selenium]]>
              </value>
            </param>
            <param index="3">
              <value>
                <![CDATA[test request plz don't consider]]>
              </value>
            </param>
          </params>
          <reporter-output>
          </reporter-output>
        </test-method> <!-- testcase2 -->
        <test-method is-config="true" signature="closeApp(org.testng.ITestResult)[pri:0, instance:com.ecommerceDomain.Scripts.TestCase2@2e005c4b]" started-at="2022-08-30T12:41:00 IST" name="closeApp" finished-at="2022-08-30T12:41:00 IST" duration-ms="569" status="PASS">
          <params>
            <param index="0">
              <value>
                <![CDATA[[TestResult name=testcase2 status=SUCCESS method=TestCase2.testcase2(java.lang.String,java.lang.String,java.lang.String,java.lang.String)[pri:0, instance:com.ecommerceDomain.Scripts.TestCase2@2e005c4b] output={null}]]]>
              </value>
            </param>
          </params>
          <reporter-output>
          </reporter-output>
        </test-method> <!-- closeApp -->
        <test-method is-config="true" signature="openApp()[pri:0, instance:com.ecommerceDomain.Scripts.TestCase2@2e005c4b]" started-at="2022-08-30T12:41:00 IST" name="openApp" finished-at="2022-08-30T12:41:06 IST" duration-ms="5808" status="PASS">
          <reporter-output>
          </reporter-output>
        </test-method> <!-- openApp -->
        <test-method signature="testcase2(java.lang.String,java.lang.String,java.lang.String,java.lang.String)[pri:0, instance:com.ecommerceDomain.Scripts.TestCase2@2e005c4b]" started-at="2022-08-30T12:41:06 IST" name="testcase2" data-provider="readExceldata" finished-at="2022-08-30T12:41:20 IST" duration-ms="13973" status="PASS">
          <params>
            <param index="0">
              <value>
                <![CDATA[likith]]>
              </value>
            </param>
            <param index="1">
              <value>
                <![CDATA[likith@gmail.com]]>
              </value>
            </param>
            <param index="2">
              <value>
                <![CDATA[java]]>
              </value>
            </param>
            <param index="3">
              <value>
                <![CDATA[test request plz don't consider]]>
              </value>
            </param>
          </params>
          <reporter-output>
          </reporter-output>
        </test-method> <!-- testcase2 -->
        <test-method is-config="true" signature="closeApp(org.testng.ITestResult)[pri:0, instance:com.ecommerceDomain.Scripts.TestCase2@2e005c4b]" started-at="2022-08-30T12:41:20 IST" name="closeApp" finished-at="2022-08-30T12:41:21 IST" duration-ms="455" status="PASS">
          <params>
            <param index="0">
              <value>
                <![CDATA[[TestResult name=testcase2 status=SUCCESS method=TestCase2.testcase2(java.lang.String,java.lang.String,java.lang.String,java.lang.String)[pri:0, instance:com.ecommerceDomain.Scripts.TestCase2@2e005c4b] output={null}]]]>
              </value>
            </param>
          </params>
          <reporter-output>
          </reporter-output>
        </test-method> <!-- closeApp -->
        <test-method is-config="true" signature="openApp()[pri:0, instance:com.ecommerceDomain.Scripts.TestCase2@2e005c4b]" started-at="2022-08-30T12:41:21 IST" name="openApp" finished-at="2022-08-30T12:41:26 IST" duration-ms="5579" status="PASS">
          <reporter-output>
          </reporter-output>
        </test-method> <!-- openApp -->
        <test-method signature="testcase2(java.lang.String,java.lang.String,java.lang.String,java.lang.String)[pri:0, instance:com.ecommerceDomain.Scripts.TestCase2@2e005c4b]" started-at="2022-08-30T12:41:26 IST" name="testcase2" data-provider="readExceldata" finished-at="2022-08-30T12:41:40 IST" duration-ms="13849" status="PASS">
          <params>
            <param index="0">
              <value>
                <![CDATA[suresh]]>
              </value>
            </param>
            <param index="1">
              <value>
                <![CDATA[suresh@gmail.com]]>
              </value>
            </param>
            <param index="2">
              <value>
                <![CDATA[python]]>
              </value>
            </param>
            <param index="3">
              <value>
                <![CDATA[test request plz don't consider]]>
              </value>
            </param>
          </params>
          <reporter-output>
          </reporter-output>
        </test-method> <!-- testcase2 -->
        <test-method is-config="true" signature="closeApp(org.testng.ITestResult)[pri:0, instance:com.ecommerceDomain.Scripts.TestCase2@2e005c4b]" started-at="2022-08-30T12:41:40 IST" name="closeApp" finished-at="2022-08-30T12:41:40 IST" duration-ms="431" status="PASS">
          <params>
            <param index="0">
              <value>
                <![CDATA[[TestResult name=testcase2 status=SUCCESS method=TestCase2.testcase2(java.lang.String,java.lang.String,java.lang.String,java.lang.String)[pri:0, instance:com.ecommerceDomain.Scripts.TestCase2@2e005c4b] output={null}]]]>
              </value>
            </param>
          </params>
          <reporter-output>
          </reporter-output>
        </test-method> <!-- closeApp -->
        <test-method is-config="true" signature="openApp()[pri:0, instance:com.ecommerceDomain.Scripts.TestCase2@2e005c4b]" started-at="2022-08-30T12:41:40 IST" name="openApp" finished-at="2022-08-30T12:41:46 IST" duration-ms="5546" status="PASS">
          <reporter-output>
          </reporter-output>
        </test-method> <!-- openApp -->
        <test-method signature="testcase2(java.lang.String,java.lang.String,java.lang.String,java.lang.String)[pri:0, instance:com.ecommerceDomain.Scripts.TestCase2@2e005c4b]" started-at="2022-08-30T12:41:46 IST" name="testcase2" data-provider="readExceldata" finished-at="2022-08-30T12:42:00 IST" duration-ms="14316" status="PASS">
          <params>
            <param index="0">
              <value>
                <![CDATA[mahesh]]>
              </value>
            </param>
            <param index="1">
              <value>
                <![CDATA[mahi@gmail.com]]>
              </value>
            </param>
            <param index="2">
              <value>
                <![CDATA[appium]]>
              </value>
            </param>
            <param index="3">
              <value>
                <![CDATA[test request plz don't consider]]>
              </value>
            </param>
          </params>
          <reporter-output>
          </reporter-output>
        </test-method> <!-- testcase2 -->
        <test-method is-config="true" signature="closeApp(org.testng.ITestResult)[pri:0, instance:com.ecommerceDomain.Scripts.TestCase2@2e005c4b]" started-at="2022-08-30T12:42:00 IST" name="closeApp" finished-at="2022-08-30T12:42:01 IST" duration-ms="468" status="PASS">
          <params>
            <param index="0">
              <value>
                <![CDATA[[TestResult name=testcase2 status=SUCCESS method=TestCase2.testcase2(java.lang.String,java.lang.String,java.lang.String,java.lang.String)[pri:0, instance:com.ecommerceDomain.Scripts.TestCase2@2e005c4b] output={null}]]]>
              </value>
            </param>
          </params>
          <reporter-output>
          </reporter-output>
        </test-method> <!-- closeApp -->
        <test-method is-config="true" signature="configAs()[pri:0, instance:com.ecommerceDomain.Scripts.TestCase2@2e005c4b]" started-at="2022-08-30T12:42:01 IST" name="configAs" finished-at="2022-08-30T12:42:01 IST" duration-ms="587" status="PASS">
          <reporter-output>
          </reporter-output>
        </test-method> <!-- configAs -->
      </class> <!-- com.ecommerceDomain.Scripts.TestCase2 -->
    </test> <!-- Default test -->
  </suite> <!-- Default suite -->
</testng-results>
